<?xml version="1.0" encoding="UTF-8"?>
<!-- Generated by org.testng.reporters.JUnitXMLReporter -->
<testsuite hostname="GSG1PM-FT0384" ignored="0" name="Health Graph Automation Test Cases" tests="7" failures="3" timestamp="19 Jan 2020 17:39:30 GMT" time="189.013" errors="0">
  <testcase name="homePagePageTitleTest" time="0.129" classname="com.qa.automation.tests.HomePageTest">
    <failure type="java.lang.AssertionError" message="expected [current weather and forecast - OpenWeatherMap] but found [Сurrent weather and forecast - OpenWeatherMap]">
      <![CDATA[java.lang.AssertionError: expected [current weather and forecast - OpenWeatherMap] but found [Сurrent weather and forecast - OpenWeatherMap]
	at com.qa.automation.tests.HomePageTest.homePagePageTitleTest(HomePageTest.java:24)
... Removed 31 stack frames]]>
    </failure>
  </testcase> <!-- homePagePageTitleTest -->
  <testcase name="searchByValidCityTest" time="8.853" classname="com.qa.automation.tests.SearchCityWeatherPageTest"/>
  <testcase name="validateCreateNewAccountTxtTest" time="20.114" classname="com.qa.automation.tests.SignUpPageTest">
    <failure type="org.openqa.selenium.NoSuchElementException" message="no such element: Unable to locate element: {&amp;quot;method&amp;quot;:&amp;quot;xpath&amp;quot;,&amp;quot;selector&amp;quot;:&amp;quot;//div[@class=&amp;quot;sign-form&amp;quot;]/h3&amp;quot;}
  (Session info: chrome=79.0.3945.117)
For documentation on this error, please visit: http://seleniumhq.org/exceptions/no_such_element.html
Build info: version: &amp;apos;3.14.0&amp;apos;, revision: &amp;apos;aacccce0&amp;apos;, time: &amp;apos;2018-08-02T20:19:58.91Z&amp;apos;
System info: host: &amp;apos;GSG1PM-FT0384&amp;apos;, ip: &amp;apos;192.168.56.1&amp;apos;, os.name: &amp;apos;Windows 7&amp;apos;, os.arch: &amp;apos;amd64&amp;apos;, os.version: &amp;apos;6.1&amp;apos;, java.version: &amp;apos;1.8.0_162&amp;apos;
Driver info: org.openqa.selenium.chrome.ChromeDriver
Capabilities {acceptInsecureCerts: false, browserName: chrome, browserVersion: 79.0.3945.117, chrome: {chromedriverVersion: 79.0.3945.36 (3582db32b3389..., userDataDir: C:\Users\AB1636~1.CHA\AppDa...}, goog:chromeOptions: {debuggerAddress: localhost:61017}, javascriptEnabled: true, networkConnectionEnabled: false, pageLoadStrategy: normal, platform: WINDOWS, platformName: WINDOWS, proxy: Proxy(), setWindowRect: true, strictFileInteractability: false, timeouts: {implicit: 0, pageLoad: 300000, script: 30000}, unhandledPromptBehavior: dismiss and notify}
Session ID: 2a727da7fbcacbbe0b678945bbd50b92
*** Element info: {Using=xpath, value=//div[@class=&amp;quot;sign-form&amp;quot;]/h3}">
      <![CDATA[org.openqa.selenium.NoSuchElementException: no such element: Unable to locate element: {"method":"xpath","selector":"//div[@class="sign-form"]/h3"}
  (Session info: chrome=79.0.3945.117)
For documentation on this error, please visit: http://seleniumhq.org/exceptions/no_such_element.html
Build info: version: '3.14.0', revision: 'aacccce0', time: '2018-08-02T20:19:58.91Z'
System info: host: 'GSG1PM-FT0384', ip: '192.168.56.1', os.name: 'Windows 7', os.arch: 'amd64', os.version: '6.1', java.version: '1.8.0_162'
Driver info: org.openqa.selenium.chrome.ChromeDriver
Capabilities {acceptInsecureCerts: false, browserName: chrome, browserVersion: 79.0.3945.117, chrome: {chromedriverVersion: 79.0.3945.36 (3582db32b3389..., userDataDir: C:\Users\AB1636~1.CHA\AppDa...}, goog:chromeOptions: {debuggerAddress: localhost:61017}, javascriptEnabled: true, networkConnectionEnabled: false, pageLoadStrategy: normal, platform: WINDOWS, platformName: WINDOWS, proxy: Proxy(), setWindowRect: true, strictFileInteractability: false, timeouts: {implicit: 0, pageLoad: 300000, script: 30000}, unhandledPromptBehavior: dismiss and notify}
Session ID: 2a727da7fbcacbbe0b678945bbd50b92
*** Element info: {Using=xpath, value=//div[@class="sign-form"]/h3}
	at org.openqa.selenium.remote.http.W3CHttpResponseCodec.createException(W3CHttpResponseCodec.java:187)
	at org.openqa.selenium.remote.http.W3CHttpResponseCodec.decode(W3CHttpResponseCodec.java:122)
	at org.openqa.selenium.remote.http.W3CHttpResponseCodec.decode(W3CHttpResponseCodec.java:49)
	at org.openqa.selenium.remote.HttpCommandExecutor.execute(HttpCommandExecutor.java:158)
	at org.openqa.selenium.remote.service.DriverCommandExecutor.execute(DriverCommandExecutor.java:83)
	at org.openqa.selenium.remote.RemoteWebDriver.execute(RemoteWebDriver.java:548)
	at org.openqa.selenium.remote.RemoteWebDriver.findElement(RemoteWebDriver.java:322)
	at org.openqa.selenium.remote.RemoteWebDriver.findElementByXPath(RemoteWebDriver.java:424)
	at org.openqa.selenium.By$ByXPath.findElement(By.java:353)
	at org.openqa.selenium.remote.RemoteWebDriver.findElement(RemoteWebDriver.java:314)
	at org.openqa.selenium.support.pagefactory.DefaultElementLocator.findElement(DefaultElementLocator.java:69)
	at org.openqa.selenium.support.pagefactory.internal.LocatingElementHandler.invoke(LocatingElementHandler.java:38)
	at com.sun.proxy.$Proxy9.isDisplayed(Unknown Source)
	at com.qa.automation.pages.SignUpPage.validatecreateNewAccountTxt(SignUpPage.java:84)
	at com.qa.automation.tests.SignUpPageTest.validateCreateNewAccountTxtTest(SignUpPageTest.java:24)
... Removed 29 stack frames]]>
    </failure>
  </testcase> <!-- validateCreateNewAccountTxtTest -->
  <testcase name="homePageLogoImageTest" time="0.487" classname="com.qa.automation.tests.HomePageTest"/>
  <testcase name="searchByInvalidCityTest" time="7.481" classname="com.qa.automation.tests.SearchCityWeatherPageTest"/>
  <testcase name="signUpModuleTest" time="20.843" classname="com.qa.automation.tests.SignUpPageTest">
    <failure type="java.lang.NullPointerException">
      <![CDATA[java.lang.NullPointerException
	at com.qa.automation.tests.SignUpPageTest.signUpModuleTest(SignUpPageTest.java:32)
... Removed 25 stack frames]]>
    </failure>
  </testcase> <!-- signUpModuleTest -->
  <testcase name="homePageBrokenLinksTest" time="27.938" classname="com.qa.automation.tests.HomePageTest"/>
</testsuite> <!-- Health Graph Automation Test Cases -->
